TN:
SF:src/components/Bebida.jsx
FN:11,Bebida
FNF:1
FNH:1
FNDA:2,Bebida
DA:4,1
DA:12,2
LF:2
LH:2
BRF:0
BRH:0
end_of_record
TN:
SF:src/components/Carta.jsx
FN:13,Carta
FN:19,(anonymous_1)
FN:25,(anonymous_2)
FN:31,(anonymous_3)
FN:56,(anonymous_4)
FN:59,(anonymous_5)
FNF:6
FNH:6
FNDA:12,Carta
FNDA:8,(anonymous_1)
FNDA:1,(anonymous_2)
FNDA:24,(anonymous_3)
FNDA:12,(anonymous_4)
FNDA:1,(anonymous_5)
DA:6,1
DA:14,12
DA:15,12
DA:17,12
DA:19,12
DA:20,8
DA:21,8
DA:25,12
DA:26,1
DA:27,1
DA:31,24
DA:33,12
DA:57,12
DA:59,1
LF:14
LH:14
BRDA:20,0,0,8
BRDA:20,0,1,0
BRDA:20,1,0,8
BRDA:20,1,1,8
BRDA:31,2,0,12
BRDA:31,2,1,0
BRDA:40,3,0,12
BRDA:40,3,1,0
BRDA:44,4,0,12
BRDA:44,4,1,12
BRDA:44,4,2,0
BRDA:50,5,0,12
BRDA:50,5,1,12
BRDA:50,5,2,12
BRDA:50,5,3,0
BRDA:54,6,0,12
BRDA:54,6,1,12
BRDA:54,6,2,12
BRDA:54,6,3,12
BRDA:61,7,0,8
BRDA:61,7,1,4
BRF:21
BRH:16
end_of_record
TN:
SF:src/components/ListBebida.jsx
FN:13,ListBebida
FN:16,(anonymous_1)
FN:23,(anonymous_2)
FN:43,(anonymous_3)
FNF:4
FNH:4
FNDA:2,ListBebida
FNDA:1,(anonymous_1)
FNDA:4,(anonymous_2)
FNDA:1,(anonymous_3)
DA:6,1
DA:14,2
DA:16,2
DA:17,1
DA:18,1
DA:21,2
DA:24,4
DA:43,1
LF:8
LH:8
BRF:0
BRH:0
end_of_record
TN:
SF:src/components/ListProducts.jsx
FN:16,ListProducts
FN:44,(anonymous_1)
FN:55,(anonymous_2)
FN:59,(anonymous_3)
FN:66,(anonymous_4)
FN:84,(anonymous_5)
FN:98,(anonymous_6)
FN:102,(anonymous_7)
FNF:8
FNH:8
FNDA:6,ListProducts
FNDA:9,(anonymous_1)
FNDA:1,(anonymous_2)
FNDA:1,(anonymous_3)
FNDA:7,(anonymous_4)
FNDA:1,(anonymous_5)
FNDA:5,(anonymous_6)
FNDA:1,(anonymous_7)
DA:6,1
DA:25,6
DA:27,6
DA:28,1
DA:31,5
DA:32,1
DA:39,4
DA:40,1
DA:44,9
DA:45,3
DA:47,3
DA:48,5
DA:51,3
DA:52,0
DA:55,3
DA:56,1
DA:59,3
DA:60,1
DA:61,1
DA:64,3
DA:67,7
DA:84,1
DA:99,5
DA:102,1
LF:24
LH:23
BRDA:27,0,0,1
BRDA:27,0,1,5
BRDA:31,1,0,1
BRDA:31,1,1,4
BRDA:39,2,0,1
BRDA:39,2,1,3
BRDA:39,3,0,4
BRDA:39,3,1,4
BRDA:44,4,0,3
BRDA:44,4,1,0
BRDA:51,5,0,0
BRDA:51,5,1,3
BRDA:100,6,0,5
BRDA:100,6,1,0
BRF:14
BRH:11
end_of_record
TN:
SF:src/components/Panel.jsx
FN:4,Panel
FNF:1
FNH:1
FNDA:2,Panel
DA:5,2
LF:1
LH:1
BRF:0
BRH:0
end_of_record
TN:
SF:src/components/Table.jsx
FN:10,Table
FN:19,(anonymous_1)
FNF:2
FNH:1
FNDA:1,Table
FNDA:0,(anonymous_1)
DA:4,1
DA:11,1
DA:19,0
LF:3
LH:2
BRF:0
BRH:0
end_of_record
TN:
SF:src/components/icons/Logo.jsx
FN:3,Logo
FNF:1
FNH:1
FNDA:3,Logo
DA:4,3
DA:9,1
LF:2
LH:2
BRF:0
BRH:0
end_of_record
TN:
SF:src/hooks/useProductos.jsx
FN:4,useProductos
FN:9,(anonymous_1)
FN:10,(anonymous_2)
FNF:3
FNH:0
FNDA:0,useProductos
FNDA:0,(anonymous_1)
FNDA:0,(anonymous_2)
DA:5,0
DA:6,0
DA:7,0
DA:9,0
DA:10,0
DA:11,0
DA:12,0
DA:13,0
DA:14,0
DA:15,0
DA:16,0
DA:18,0
DA:20,0
DA:23,0
DA:26,0
LF:15
LH:0
BRF:0
BRH:0
end_of_record
TN:
SF:src/pages/administrador/components/ActionsButtons.jsx
FN:13,ActionButtons
FN:14,(anonymous_1)
FN:28,(anonymous_2)
FNF:3
FNH:3
FNDA:4,ActionButtons
FNDA:3,(anonymous_1)
FNDA:3,(anonymous_2)
DA:8,1
DA:14,4
DA:15,3
DA:16,3
DA:17,3
DA:20,4
DA:28,3
LF:7
LH:7
BRDA:15,0,0,1
BRDA:15,0,1,2
BRDA:16,1,0,1
BRDA:16,1,1,2
BRDA:17,2,0,1
BRDA:17,2,1,2
BRF:6
BRH:6
end_of_record
TN:
SF:src/pages/administrador/components/AdminForm.jsx
FN:14,AdminForm
FN:20,(anonymous_1)
FN:25,(anonymous_2)
FNF:3
FNH:3
FNDA:13,AdminForm
FNDA:6,(anonymous_1)
FNDA:3,(anonymous_2)
DA:8,1
DA:15,13
DA:16,13
DA:17,13
DA:18,13
DA:20,13
DA:21,6
DA:22,6
DA:25,13
DA:26,3
DA:28,3
DA:29,3
DA:31,2
DA:32,1
DA:33,1
DA:34,1
DA:35,1
DA:36,1
DA:37,1
DA:40,1
DA:44,13
LF:21
LH:21
BRDA:21,0,0,3
BRDA:21,0,1,3
BRDA:22,1,0,3
BRDA:22,1,1,3
BRDA:31,2,0,1
BRDA:31,2,1,1
BRDA:33,3,0,1
BRDA:33,3,1,0
BRDA:49,4,0,13
BRDA:49,4,1,2
BRF:10
BRH:9
end_of_record
TN:
SF:src/pages/administrador/components/ButtonPri.jsx
FN:9,ButtonPri
FNF:1
FNH:1
FNDA:4,ButtonPri
DA:3,1
DA:10,4
LF:2
LH:2
BRF:0
BRH:0
end_of_record
TN:
SF:src/pages/administrador/components/CategoryForm.jsx
FN:18,CategoryForm
FN:22,(anonymous_1)
FN:28,(anonymous_2)
FN:32,(anonymous_3)
FNF:4
FNH:4
FNDA:8,CategoryForm
FNDA:4,(anonymous_1)
FNDA:2,(anonymous_2)
FNDA:2,(anonymous_3)
DA:10,1
DA:19,8
DA:20,8
DA:22,8
DA:23,4
DA:24,2
DA:28,8
DA:29,2
DA:32,8
DA:33,2
DA:34,2
DA:35,1
DA:37,1
DA:39,2
DA:42,8
LF:15
LH:15
BRDA:23,0,0,2
BRDA:23,0,1,2
BRDA:23,1,0,4
BRDA:23,1,1,2
BRDA:29,2,0,2
BRDA:29,2,1,0
BRDA:34,3,0,1
BRDA:34,3,1,1
BRDA:52,4,0,5
BRDA:52,4,1,3
BRF:10
BRH:9
end_of_record
TN:
SF:src/pages/administrador/components/ChartArea.jsx
FN:10,ChartArea
FN:13,(anonymous_1)
FN:41,(anonymous_2)
FN:59,(anonymous_3)
FNF:4
FNH:3
FNDA:2,ChartArea
FNDA:2,(anonymous_1)
FNDA:0,(anonymous_2)
FNDA:2,(anonymous_3)
DA:5,1
DA:11,2
DA:13,2
DA:14,2
DA:39,2
DA:41,2
DA:42,0
DA:48,2
DA:50,2
DA:57,2
DA:59,2
DA:60,2
DA:61,2
DA:62,2
DA:67,2
LF:15
LH:14
BRDA:60,0,0,2
BRDA:60,0,1,0
BRF:2
BRH:1
end_of_record
TN:
SF:src/pages/administrador/components/ExtraForm.jsx
FN:7,ExtraForm
FN:13,(anonymous_1)
FN:21,(anonymous_2)
FN:37,(anonymous_3)
FNF:4
FNH:4
FNDA:12,ExtraForm
FNDA:4,(anonymous_1)
FNDA:6,(anonymous_2)
FNDA:2,(anonymous_3)
DA:8,12
DA:9,12
DA:10,12
DA:11,12
DA:13,12
DA:14,4
DA:15,2
DA:16,2
DA:17,2
DA:21,12
DA:22,6
DA:24,2
DA:25,2
DA:27,2
DA:28,2
DA:30,2
DA:31,2
DA:33,0
DA:37,12
DA:38,2
DA:39,2
DA:40,1
DA:42,1
DA:44,2
DA:47,12
DA:86,1
LF:26
LH:25
BRDA:14,0,0,2
BRDA:14,0,1,2
BRDA:14,1,0,4
BRDA:14,1,1,2
BRDA:22,2,0,2
BRDA:22,2,1,2
BRDA:22,2,2,2
BRDA:22,2,3,0
BRDA:39,3,0,1
BRDA:39,3,1,1
BRDA:73,4,0,7
BRDA:73,4,1,5
BRF:12
BRH:11
end_of_record
TN:
SF:src/pages/administrador/components/Header.jsx
FN:22,SpanItem
FN:41,ItemHeader
FN:60,Header
FN:64,(anonymous_3)
FN:69,(anonymous_4)
FN:73,(anonymous_5)
FNF:6
FNH:5
FNDA:20,SpanItem
FNDA:16,ItemHeader
FNDA:4,Header
FNDA:1,(anonymous_3)
FNDA:1,(anonymous_4)
FNDA:0,(anonymous_5)
DA:17,1
DA:23,20
DA:34,1
DA:42,16
DA:43,16
DA:44,16
DA:61,4
DA:62,4
DA:64,4
DA:65,1
DA:66,1
DA:69,4
DA:70,1
DA:73,4
DA:74,0
DA:75,0
DA:78,4
LF:17
LH:15
BRDA:26,0,0,4
BRDA:26,0,1,16
BRDA:50,1,0,16
BRDA:50,1,1,4
BRDA:85,2,0,1
BRDA:85,2,1,3
BRDA:93,3,0,1
BRDA:93,3,1,3
BRF:8
BRH:8
end_of_record
TN:
SF:src/pages/administrador/components/ItemInput.jsx
FN:3,ItemInput
FNF:1
FNH:1
FNDA:4,ItemInput
DA:4,4
DA:20,1
LF:2
LH:2
BRDA:8,0,0,4
BRDA:8,0,1,3
BRDA:13,1,0,1
BRDA:13,1,1,3
BRF:4
BRH:4
end_of_record
TN:
SF:src/pages/administrador/components/ProductForm.jsx
FN:16,ProductForm
FN:27,(anonymous_1)
FN:37,(anonymous_2)
FN:59,(anonymous_3)
FN:65,(anonymous_4)
FN:112,(anonymous_5)
FNF:6
FNH:6
FNDA:17,ProductForm
FNDA:3,(anonymous_1)
FNDA:4,(anonymous_2)
FNDA:10,(anonymous_3)
FNDA:1,(anonymous_4)
FNDA:34,(anonymous_5)
DA:11,1
DA:17,17
DA:18,17
DA:19,17
DA:20,17
DA:21,17
DA:23,17
DA:25,17
DA:27,17
DA:28,3
DA:29,1
DA:30,1
DA:31,1
DA:32,1
DA:33,1
DA:37,17
DA:38,4
DA:40,1
DA:41,1
DA:43,1
DA:44,1
DA:46,0
DA:47,0
DA:49,1
DA:50,1
DA:52,1
DA:53,1
DA:55,0
DA:59,17
DA:60,10
DA:61,10
DA:65,17
DA:66,1
DA:67,1
DA:68,0
DA:77,1
DA:85,1
DA:88,17
DA:113,34
LF:39
LH:35
BRDA:28,0,0,1
BRDA:28,0,1,2
BRDA:28,1,0,3
BRDA:28,1,1,1
BRDA:38,2,0,1
BRDA:38,2,1,1
BRDA:38,2,2,0
BRDA:38,2,3,1
BRDA:38,2,4,1
BRDA:38,2,5,0
BRDA:60,3,0,10
BRDA:60,3,1,0
BRDA:60,4,0,10
BRDA:60,4,1,10
BRDA:67,5,0,0
BRDA:67,5,1,1
BRDA:139,6,0,3
BRDA:139,6,1,14
BRF:18
BRH:14
end_of_record
TN:
SF:src/pages/administrador/components/ProtectedRoute.jsx
FN:5,(anonymous_0)
FNF:1
FNH:1
FNDA:2,(anonymous_0)
DA:5,1
DA:6,2
DA:7,2
DA:8,1
DA:10,1
DA:13,1
LF:6
LH:6
BRDA:5,0,0,1
BRDA:7,1,0,1
BRDA:7,1,1,1
BRF:3
BRH:3
end_of_record
TN:
SF:src/pages/administrador/components/SimpleSwitcher.jsx
FN:3,SimpleSwitcher
FN:8,(anonymous_1)
FN:16,(anonymous_2)
FN:25,(anonymous_3)
FNF:4
FNH:4
FNDA:4,SimpleSwitcher
FNDA:2,(anonymous_1)
FNDA:16,(anonymous_2)
FNDA:2,(anonymous_3)
DA:8,4
DA:9,2
DA:10,1
DA:14,4
DA:17,16
DA:25,2
DA:34,1
LF:7
LH:7
BRDA:9,0,0,1
BRDA:9,0,1,1
BRDA:21,1,0,4
BRDA:21,1,1,12
BRF:4
BRH:4
end_of_record
TN:
SF:src/pages/administrador/components/Table.jsx
FN:4,Table
FNF:1
FNH:1
FNDA:4,Table
DA:5,4
DA:13,4
DA:23,4
DA:24,3
DA:26,2
DA:39,1
LF:6
LH:6
BRDA:23,0,0,1
BRDA:23,0,1,3
BRDA:24,1,0,1
BRDA:24,1,1,2
BRF:4
BRH:4
end_of_record
TN:
SF:src/pages/administrador/components/Venta.jsx
FN:9,Venta
FN:20,(anonymous_1)
FNF:2
FNH:2
FNDA:9,Venta
FNDA:6,(anonymous_1)
DA:10,9
DA:11,9
DA:12,9
DA:13,9
DA:15,9
DA:16,9
DA:17,9
DA:18,9
DA:20,9
DA:21,6
DA:28,6
DA:35,6
DA:42,6
DA:43,6
DA:45,6
DA:46,0
DA:47,0
DA:59,9
DA:60,6
DA:62,3
DA:77,1
LF:21
LH:19
BRDA:45,0,0,0
BRDA:45,0,1,6
BRDA:45,1,0,6
BRDA:45,1,1,0
BRDA:59,2,0,3
BRDA:59,2,1,6
BRDA:60,3,0,3
BRDA:60,3,1,3
BRF:8
BRH:6
end_of_record
TN:
SF:src/pages/administrador/components/VentasCategoria.jsx
FN:16,VentasCategoria
FN:24,(anonymous_1)
FN:37,(anonymous_2)
FN:38,(anonymous_3)
FNF:4
FNH:4
FNDA:6,VentasCategoria
FNDA:3,(anonymous_1)
FNDA:6,(anonymous_2)
FNDA:6,(anonymous_3)
DA:14,1
DA:17,6
DA:19,6
DA:20,6
DA:21,6
DA:22,6
DA:24,6
DA:26,3
DA:33,3
DA:34,3
DA:37,6
DA:38,6
DA:40,6
DA:73,6
DA:74,4
DA:76,2
DA:86,1
LF:17
LH:17
BRDA:37,0,0,3
BRDA:37,0,1,3
BRDA:38,1,0,3
BRDA:38,1,1,3
BRDA:73,2,0,2
BRDA:73,2,1,4
BRDA:74,3,0,2
BRDA:74,3,1,2
BRF:8
BRH:8
end_of_record
TN:
SF:src/pages/administrador/pages/AddProduct.jsx
FN:21,(anonymous_0)
FN:24,(anonymous_1)
FN:43,(anonymous_2)
FN:46,(anonymous_3)
FNF:4
FNH:4
FNDA:6,(anonymous_0)
FNDA:6,(anonymous_1)
FNDA:18,(anonymous_2)
FNDA:2,(anonymous_3)
DA:6,1
DA:21,1
DA:22,6
DA:24,6
DA:25,6
DA:27,4
DA:29,1
DA:31,1
DA:33,0
DA:37,6
DA:44,18
DA:46,2
LF:12
LH:11
BRDA:25,0,0,4
BRDA:25,0,1,1
BRDA:25,0,2,1
BRDA:25,0,3,0
BRDA:48,1,0,6
BRDA:48,1,1,12
BRF:6
BRH:5
end_of_record
TN:
SF:src/pages/administrador/pages/Dashboard.jsx
FN:10,(anonymous_0)
FN:11,(anonymous_1)
FN:13,(anonymous_2)
FN:21,(anonymous_3)
FN:23,(anonymous_4)
FN:31,Dashboard
FN:48,(anonymous_6)
FNF:7
FNH:6
FNDA:15,(anonymous_0)
FNDA:65,(anonymous_1)
FNDA:0,(anonymous_2)
FNDA:15,(anonymous_3)
FNDA:9,(anonymous_4)
FNDA:5,Dashboard
FNDA:3,(anonymous_6)
DA:10,3
DA:11,65
DA:13,0
DA:21,3
DA:22,15
DA:23,9
DA:32,5
DA:40,5
DA:41,5
DA:43,5
DA:44,5
DA:45,5
DA:48,5
DA:53,5
DA:54,5
DA:55,5
DA:57,5
LF:17
LH:16
BRDA:17,0,0,15
BRDA:17,0,1,50
BRDA:17,1,0,65
BRDA:17,1,1,50
BRDA:17,1,2,50
BRDA:18,2,0,15
BRDA:18,2,1,50
BRDA:23,3,0,15
BRDA:23,3,1,0
BRDA:48,4,0,5
BRDA:48,4,1,0
BRF:11
BRH:9
end_of_record
TN:
SF:src/pages/administrador/pages/Perfil.jsx
FN:5,Perfil
FNF:1
FNH:1
FNDA:3,Perfil
DA:6,3
DA:8,3
DA:9,2
DA:11,1
LF:4
LH:4
BRDA:8,0,0,1
BRDA:8,0,1,2
BRDA:9,1,0,1
BRDA:9,1,1,1
BRF:4
BRH:4
end_of_record
TN:
SF:src/pages/administrador/pages/Reporte.jsx
FN:8,Reporte
FNF:1
FNH:1
FNDA:3,Reporte
DA:9,3
DA:11,3
LF:2
LH:2
BRF:0
BRH:0
end_of_record
TN:
SF:src/pages/administrador/pages/UpdateCategory.jsx
FN:5,UpdateCategory
FN:10,(anonymous_1)
FNF:2
FNH:2
FNDA:1,UpdateCategory
FNDA:2,(anonymous_1)
DA:6,1
DA:8,1
DA:10,2
DA:12,1
LF:4
LH:4
BRF:0
BRH:0
end_of_record
TN:
SF:src/pages/administrador/pages/UpdateExtra.jsx
FN:5,UpdateExtra
FN:10,(anonymous_1)
FNF:2
FNH:2
FNDA:1,UpdateExtra
FNDA:2,(anonymous_1)
DA:6,1
DA:8,1
DA:10,2
DA:12,1
LF:4
LH:4
BRF:0
BRH:0
end_of_record
TN:
SF:src/pages/administrador/pages/UpdatePerfil.jsx
FN:4,UpdatePerfil
FNF:1
FNH:1
FNDA:3,UpdatePerfil
DA:6,3
DA:8,3
DA:9,2
DA:11,1
LF:4
LH:4
BRDA:8,0,0,1
BRDA:8,0,1,2
BRDA:9,1,0,1
BRDA:9,1,1,1
BRF:4
BRH:4
end_of_record
TN:
SF:src/pages/administrador/pages/UpdateProduct.jsx
FN:5,UpdateProduct
FN:10,(anonymous_1)
FNF:2
FNH:2
FNDA:1,UpdateProduct
FNDA:2,(anonymous_1)
DA:6,1
DA:8,1
DA:10,2
DA:12,1
LF:4
LH:4
BRF:0
BRH:0
end_of_record
TN:
SF:src/services/admin_service.js
FN:4,(anonymous_0)
FN:21,(anonymous_1)
FNF:2
FNH:2
FNDA:2,(anonymous_0)
FNDA:3,(anonymous_1)
DA:2,1
DA:4,1
DA:5,2
DA:6,2
DA:12,2
DA:13,1
DA:17,1
DA:18,1
DA:21,1
DA:22,3
DA:23,3
DA:31,3
DA:32,3
DA:33,1
DA:35,2
DA:36,1
DA:38,1
LF:17
LH:17
BRDA:12,0,0,1
BRDA:12,0,1,1
BRDA:32,1,0,1
BRDA:32,1,1,2
BRDA:35,2,0,1
BRDA:35,2,1,1
BRF:6
BRH:6
end_of_record
TN:
SF:src/services/agregar_producto.js
FN:3,(anonymous_0)
FN:8,(anonymous_1)
FN:11,(anonymous_2)
FN:13,(anonymous_3)
FN:32,(anonymous_4)
FN:34,(anonymous_5)
FN:57,(anonymous_6)
FN:60,(anonymous_7)
FN:72,(anonymous_8)
FN:89,(anonymous_9)
FN:92,(anonymous_10)
FN:104,(anonymous_11)
FN:122,(anonymous_12)
FN:125,(anonymous_13)
FN:131,(anonymous_14)
FN:139,(anonymous_15)
FNF:16
FNH:14
FNDA:11,(anonymous_0)
FNDA:3,(anonymous_1)
FNDA:0,(anonymous_2)
FNDA:0,(anonymous_3)
FNDA:1,(anonymous_4)
FNDA:1,(anonymous_5)
FNDA:2,(anonymous_6)
FNDA:1,(anonymous_7)
FNDA:1,(anonymous_8)
FNDA:2,(anonymous_9)
FNDA:1,(anonymous_10)
FNDA:1,(anonymous_11)
FNDA:2,(anonymous_12)
FNDA:1,(anonymous_13)
FNDA:1,(anonymous_14)
FNDA:1,(anonymous_15)
DA:3,1
DA:4,11
DA:5,11
DA:8,1
DA:9,3
DA:10,3
DA:11,1
DA:12,1
DA:13,0
DA:14,0
DA:15,0
DA:21,0
DA:24,1
DA:30,1
DA:32,2
DA:33,2
DA:34,1
DA:35,1
DA:36,1
DA:42,0
DA:45,1
DA:51,2
DA:53,3
DA:54,3
DA:57,1
DA:58,2
DA:59,2
DA:60,1
DA:61,1
DA:62,1
DA:68,0
DA:70,1
DA:72,1
DA:73,1
DA:74,1
DA:80,0
DA:82,1
DA:84,2
DA:85,2
DA:89,1
DA:90,2
DA:91,2
DA:92,1
DA:93,1
DA:94,1
DA:100,0
DA:102,1
DA:104,1
DA:105,1
DA:106,1
DA:112,0
DA:114,1
DA:117,2
DA:118,2
DA:122,1
DA:123,2
DA:124,2
DA:125,1
DA:126,1
DA:127,1
DA:128,1
DA:129,1
DA:131,1
DA:132,1
DA:133,1
DA:134,1
DA:135,1
DA:139,1
DA:140,1
DA:141,1
DA:142,1
LF:71
LH:62
BRDA:10,0,0,1
BRDA:10,0,1,2
BRDA:12,1,0,0
BRDA:12,1,1,1
BRDA:14,2,0,0
BRDA:14,2,1,0
BRDA:33,3,0,1
BRDA:33,3,1,1
BRDA:35,4,0,1
BRDA:35,4,1,0
BRDA:54,5,0,1
BRDA:54,5,1,2
BRDA:59,6,0,1
BRDA:59,6,1,1
BRDA:61,7,0,1
BRDA:61,7,1,0
BRDA:73,8,0,1
BRDA:73,8,1,0
BRDA:85,9,0,1
BRDA:85,9,1,1
BRDA:91,10,0,1
BRDA:91,10,1,1
BRDA:93,11,0,1
BRDA:93,11,1,0
BRDA:105,12,0,1
BRDA:105,12,1,0
BRDA:118,13,0,1
BRDA:118,13,1,1
BRDA:124,14,0,1
BRDA:124,14,1,1
BRF:30
BRH:22
end_of_record
TN:
SF:src/services/categoria_service.js
FN:5,(anonymous_0)
FN:29,(anonymous_1)
FN:40,(anonymous_2)
FN:61,(anonymous_3)
FN:83,(anonymous_4)
FNF:5
FNH:5
FNDA:2,(anonymous_0)
FNDA:2,(anonymous_1)
FNDA:2,(anonymous_2)
FNDA:2,(anonymous_3)
FNDA:2,(anonymous_4)
DA:3,1
DA:5,1
DA:6,2
DA:7,2
DA:8,2
DA:16,2
DA:17,1
DA:22,1
DA:24,1
DA:25,1
DA:29,1
DA:30,2
DA:31,2
DA:32,1
DA:36,1
DA:37,1
DA:40,1
DA:41,2
DA:42,2
DA:43,2
DA:49,2
DA:50,1
DA:54,1
DA:55,1
DA:57,1
DA:61,1
DA:62,2
DA:63,2
DA:64,2
DA:72,2
DA:73,1
DA:77,1
DA:79,1
DA:83,1
DA:84,2
DA:85,2
DA:86,2
DA:93,2
DA:94,1
DA:98,1
DA:99,1
DA:101,1
LF:42
LH:42
BRDA:16,0,0,1
BRDA:16,0,1,1
BRDA:24,1,0,0
BRDA:24,1,1,1
BRDA:31,2,0,1
BRDA:31,2,1,1
BRDA:49,3,0,1
BRDA:49,3,1,1
BRDA:72,4,0,1
BRDA:72,4,1,1
BRDA:93,5,0,1
BRDA:93,5,1,1
BRF:12
BRH:11
end_of_record
TN:
SF:src/services/extra_service.js
FN:5,(anonymous_0)
FN:33,(anonymous_1)
FN:42,(anonymous_2)
FN:61,(anonymous_3)
FNF:4
FNH:4
FNDA:2,(anonymous_0)
FNDA:2,(anonymous_1)
FNDA:2,(anonymous_2)
FNDA:2,(anonymous_3)
DA:3,1
DA:5,1
DA:6,2
DA:7,2
DA:12,2
DA:13,2
DA:21,2
DA:22,1
DA:25,1
DA:26,1
DA:29,1
DA:33,1
DA:34,2
DA:35,2
DA:36,1
DA:38,1
DA:39,1
DA:42,1
DA:43,2
DA:44,2
DA:45,2
DA:51,2
DA:52,1
DA:54,1
DA:55,1
DA:57,1
DA:61,1
DA:62,2
DA:63,2
DA:68,2
DA:69,2
DA:77,2
DA:78,1
DA:80,1
DA:81,1
DA:83,1
LF:36
LH:36
BRDA:21,0,0,1
BRDA:21,0,1,1
BRDA:35,1,0,1
BRDA:35,1,1,1
BRDA:51,2,0,1
BRDA:51,2,1,1
BRDA:77,3,0,1
BRDA:77,3,1,1
BRF:8
BRH:8
end_of_record
TN:
SF:src/services/login_service.js
FN:5,(anonymous_0)
FN:26,(anonymous_1)
FN:30,(anonymous_2)
FNF:3
FNH:3
FNDA:3,(anonymous_0)
FNDA:1,(anonymous_1)
FNDA:4,(anonymous_2)
DA:3,1
DA:5,1
DA:6,3
DA:13,3
DA:15,3
DA:16,1
DA:18,2
DA:19,1
DA:20,1
DA:22,1
DA:26,1
DA:27,1
DA:30,1
DA:31,4
DA:32,4
DA:33,4
DA:35,4
DA:36,2
DA:37,2
DA:39,2
LF:20
LH:20
BRDA:15,0,0,1
BRDA:15,0,1,2
BRDA:18,1,0,1
BRDA:18,1,1,1
BRDA:35,2,0,2
BRDA:35,2,1,2
BRDA:35,3,0,4
BRDA:35,3,1,3
BRF:8
BRH:8
end_of_record
TN:
SF:src/services/pedido_extra.js
FN:5,(anonymous_0)
FNF:1
FNH:1
FNDA:3,(anonymous_0)
DA:3,1
DA:5,1
DA:6,3
DA:7,3
DA:8,3
DA:15,2
DA:16,1
DA:18,1
DA:19,1
DA:21,2
LF:10
LH:10
BRDA:15,0,0,1
BRDA:15,0,1,1
BRF:2
BRH:2
end_of_record
TN:
SF:src/services/pedido_producto.js
FN:5,(anonymous_0)
FNF:1
FNH:1
FNDA:4,(anonymous_0)
DA:3,1
DA:5,1
DA:6,4
DA:7,4
DA:8,4
DA:15,3
DA:16,1
DA:20,2
DA:21,2
DA:22,2
DA:24,2
LF:11
LH:11
BRDA:15,0,0,1
BRDA:15,0,1,2
BRF:2
BRH:2
end_of_record
TN:
SF:src/services/pedido_service.js
FN:5,(anonymous_0)
FN:24,(anonymous_1)
FN:44,(anonymous_2)
FN:64,(anonymous_3)
FN:84,(anonymous_4)
FNF:5
FNH:5
FNDA:2,(anonymous_0)
FNDA:2,(anonymous_1)
FNDA:2,(anonymous_2)
FNDA:2,(anonymous_3)
FNDA:2,(anonymous_4)
DA:3,1
DA:5,1
DA:6,2
DA:7,2
DA:14,2
DA:15,1
DA:17,1
DA:18,1
DA:20,1
DA:24,1
DA:25,2
DA:26,2
DA:27,2
DA:34,2
DA:35,1
DA:37,1
DA:38,1
DA:40,1
DA:44,1
DA:45,2
DA:46,2
DA:47,2
DA:54,2
DA:55,1
DA:57,1
DA:58,1
DA:60,1
DA:64,1
DA:65,2
DA:66,2
DA:67,2
DA:74,2
DA:75,1
DA:77,1
DA:78,1
DA:80,1
DA:84,1
DA:85,2
DA:86,2
DA:87,2
DA:94,2
DA:95,1
DA:97,1
DA:98,1
DA:100,1
LF:45
LH:45
BRDA:14,0,0,1
BRDA:14,0,1,1
BRDA:34,1,0,1
BRDA:34,1,1,1
BRDA:54,2,0,1
BRDA:54,2,1,1
BRDA:74,3,0,1
BRDA:74,3,1,1
BRDA:94,4,0,1
BRDA:94,4,1,1
BRF:10
BRH:10
end_of_record
TN:
SF:src/services/producto_service.js
FN:5,(anonymous_0)
FN:35,(anonymous_1)
FN:44,(anonymous_2)
FN:63,(anonymous_3)
FNF:4
FNH:4
FNDA:2,(anonymous_0)
FNDA:2,(anonymous_1)
FNDA:2,(anonymous_2)
FNDA:2,(anonymous_3)
DA:3,2
DA:5,2
DA:6,2
DA:7,2
DA:14,2
DA:15,2
DA:23,2
DA:24,1
DA:27,1
DA:28,1
DA:31,1
DA:35,2
DA:36,2
DA:37,2
DA:38,1
DA:40,1
DA:41,1
DA:44,2
DA:45,2
DA:46,2
DA:47,2
DA:53,2
DA:54,1
DA:56,1
DA:57,1
DA:59,1
DA:63,2
DA:64,2
DA:65,2
DA:72,2
DA:73,2
DA:81,2
DA:82,1
DA:85,1
DA:86,1
DA:89,1
LF:36
LH:36
BRDA:23,0,0,1
BRDA:23,0,1,1
BRDA:37,1,0,1
BRDA:37,1,1,1
BRDA:53,2,0,1
BRDA:53,2,1,1
BRDA:81,3,0,1
BRDA:81,3,1,1
BRF:8
BRH:8
end_of_record
TN:
SF:test/fileMock.js
FNF:0
FNH:0
DA:1,1
LF:1
LH:1
BRF:0
BRH:0
end_of_record
